<?xml version="1.0" encoding="UTF-8" ?>
<testsuite errors="0" failures="0" hostname="ARAR-dabdala-2.local" name="ItemsConsumerServiceIntegrationSpec" tests="1" time="29.659" timestamp="2015-06-12T20:09:59">
  <properties />
  <testcase classname="ItemsConsumerServiceIntegrationSpec" name="test invocar servicio consumer" time="29.656" />
  <system-out><![CDATA[--Output from test invocar servicio consumer--
Hibernate: select max(id) from items
Hibernate: select max(id) from NonMPPaymentMethods
Proceso Bien
Hibernate: insert into items (acepta_mp, iditem, permalink, site_id, title, id) values (?, ?, ?, ?, ?, ?)
Hibernate: insert into NonMPPaymentMethods (description, iditem, idnonmp, type, id) values (?, ?, ?, ?, ?)
Hibernate: insert into NonMPPaymentMethods (description, iditem, idnonmp, type, id) values (?, ?, ?, ?, ?)
Hibernate: insert into NonMPPaymentMethods (description, iditem, idnonmp, type, id) values (?, ?, ?, ?, ?)
Hibernate: insert into NonMPPaymentMethods (description, iditem, idnonmp, type, id) values (?, ?, ?, ?, ?)
YA LLEGAMOS ACAMLM
Hibernate: select * from ( select this_.id as id1_1_0_, this_.acepta_mp as acepta_mp2_1_0_, this_.iditem as iditem3_1_0_, this_.permalink as permalink4_1_0_, this_.site_id as site_id5_1_0_, this_.title as title6_1_0_ from items this_ where this_.iditem=? ) where rownum <= ?
YA LLEGAMOS y aca tb
site_id: MLM
Proceso Bien
Hibernate: insert into items (acepta_mp, iditem, permalink, site_id, title, id) values (?, ?, ?, ?, ?, ?)
YA LLEGAMOS ACAMLB
Hibernate: select * from ( select this_.id as id1_1_0_, this_.acepta_mp as acepta_mp2_1_0_, this_.iditem as iditem3_1_0_, this_.permalink as permalink4_1_0_, this_.site_id as site_id5_1_0_, this_.title as title6_1_0_ from items this_ where this_.iditem=? ) where rownum <= ?
YA LLEGAMOS y aca tb
site_id: MLB
Proceso Bien
Hibernate: insert into items (acepta_mp, iditem, permalink, site_id, title, id) values (?, ?, ?, ?, ?, ?)
YA LLEGAMOS ACAMLB
Hibernate: select * from ( select this_.id as id1_1_0_, this_.acepta_mp as acepta_mp2_1_0_, this_.iditem as iditem3_1_0_, this_.permalink as permalink4_1_0_, this_.site_id as site_id5_1_0_, this_.title as title6_1_0_ from items this_ where this_.iditem=? ) where rownum <= ?
YA LLEGAMOS y aca tb
site_id: MLB
Proceso Bien
Hibernate: insert into items (acepta_mp, iditem, permalink, site_id, title, id) values (?, ?, ?, ?, ?, ?)
YA LLEGAMOS ACAMLB
Hibernate: select * from ( select this_.id as id1_1_0_, this_.acepta_mp as acepta_mp2_1_0_, this_.iditem as iditem3_1_0_, this_.permalink as permalink4_1_0_, this_.site_id as site_id5_1_0_, this_.title as title6_1_0_ from items this_ where this_.iditem=? ) where rownum <= ?
YA LLEGAMOS y aca tb
site_id: MLB
Proceso Bien
Hibernate: insert into items (acepta_mp, iditem, permalink, site_id, title, id) values (?, ?, ?, ?, ?, ?)
Hibernate: insert into NonMPPaymentMethods (description, iditem, idnonmp, type, id) values (?, ?, ?, ?, ?)
Hibernate: insert into NonMPPaymentMethods (description, iditem, idnonmp, type, id) values (?, ?, ?, ?, ?)
Hibernate: insert into NonMPPaymentMethods (description, iditem, idnonmp, type, id) values (?, ?, ?, ?, ?)
YA LLEGAMOS ACAMLA
Hibernate: select * from ( select this_.id as id1_1_0_, this_.acepta_mp as acepta_mp2_1_0_, this_.iditem as iditem3_1_0_, this_.permalink as permalink4_1_0_, this_.site_id as site_id5_1_0_, this_.title as title6_1_0_ from items this_ where this_.iditem=? ) where rownum <= ?
YA LLEGAMOS y aca tb
site_id: MLA
Proceso Bien
Hibernate: insert into items (acepta_mp, iditem, permalink, site_id, title, id) values (?, ?, ?, ?, ?, ?)
Hibernate: insert into NonMPPaymentMethods (description, iditem, idnonmp, type, id) values (?, ?, ?, ?, ?)
Hibernate: insert into NonMPPaymentMethods (description, iditem, idnonmp, type, id) values (?, ?, ?, ?, ?)
Hibernate: insert into NonMPPaymentMethods (description, iditem, idnonmp, type, id) values (?, ?, ?, ?, ?)
Hibernate: insert into NonMPPaymentMethods (description, iditem, idnonmp, type, id) values (?, ?, ?, ?, ?)
YA LLEGAMOS ACAMLM
Hibernate: select * from ( select this_.id as id1_1_0_, this_.acepta_mp as acepta_mp2_1_0_, this_.iditem as iditem3_1_0_, this_.permalink as permalink4_1_0_, this_.site_id as site_id5_1_0_, this_.title as title6_1_0_ from items this_ where this_.iditem=? ) where rownum <= ?
YA LLEGAMOS y aca tb
site_id: MLM
Proceso Bien
Hibernate: insert into items (acepta_mp, iditem, permalink, site_id, title, id) values (?, ?, ?, ?, ?, ?)
YA LLEGAMOS ACAMLB
Hibernate: select * from ( select this_.id as id1_1_0_, this_.acepta_mp as acepta_mp2_1_0_, this_.iditem as iditem3_1_0_, this_.permalink as permalink4_1_0_, this_.site_id as site_id5_1_0_, this_.title as title6_1_0_ from items this_ where this_.iditem=? ) where rownum <= ?
YA LLEGAMOS y aca tb
site_id: MLB
Proceso Bien
Hibernate: insert into items (acepta_mp, iditem, permalink, site_id, title, id) values (?, ?, ?, ?, ?, ?)
Hibernate: insert into NonMPPaymentMethods (description, iditem, idnonmp, type, id) values (?, ?, ?, ?, ?)
Hibernate: insert into NonMPPaymentMethods (description, iditem, idnonmp, type, id) values (?, ?, ?, ?, ?)
Hibernate: insert into NonMPPaymentMethods (description, iditem, idnonmp, type, id) values (?, ?, ?, ?, ?)
Hibernate: insert into NonMPPaymentMethods (description, iditem, idnonmp, type, id) values (?, ?, ?, ?, ?)
YA LLEGAMOS ACAMLM
Hibernate: select * from ( select this_.id as id1_1_0_, this_.acepta_mp as acepta_mp2_1_0_, this_.iditem as iditem3_1_0_, this_.permalink as permalink4_1_0_, this_.site_id as site_id5_1_0_, this_.title as title6_1_0_ from items this_ where this_.iditem=? ) where rownum <= ?
YA LLEGAMOS y aca tb
site_id: MLM
Proceso Bien
Hibernate: insert into items (acepta_mp, iditem, permalink, site_id, title, id) values (?, ?, ?, ?, ?, ?)
Hibernate: insert into NonMPPaymentMethods (description, iditem, idnonmp, type, id) values (?, ?, ?, ?, ?)
Hibernate: insert into NonMPPaymentMethods (description, iditem, idnonmp, type, id) values (?, ?, ?, ?, ?)
Hibernate: insert into NonMPPaymentMethods (description, iditem, idnonmp, type, id) values (?, ?, ?, ?, ?)
Hibernate: insert into NonMPPaymentMethods (description, iditem, idnonmp, type, id) values (?, ?, ?, ?, ?)
YA LLEGAMOS ACAMLM
Hibernate: select * from ( select this_.id as id1_1_0_, this_.acepta_mp as acepta_mp2_1_0_, this_.iditem as iditem3_1_0_, this_.permalink as permalink4_1_0_, this_.site_id as site_id5_1_0_, this_.title as title6_1_0_ from items this_ where this_.iditem=? ) where rownum <= ?
YA LLEGAMOS y aca tb
site_id: MLM
Proceso Bien
Hibernate: insert into items (acepta_mp, iditem, permalink, site_id, title, id) values (?, ?, ?, ?, ?, ?)
Hibernate: insert into NonMPPaymentMethods (description, iditem, idnonmp, type, id) values (?, ?, ?, ?, ?)
Hibernate: insert into NonMPPaymentMethods (description, iditem, idnonmp, type, id) values (?, ?, ?, ?, ?)
YA LLEGAMOS ACAMLA
Hibernate: select * from ( select this_.id as id1_1_0_, this_.acepta_mp as acepta_mp2_1_0_, this_.iditem as iditem3_1_0_, this_.permalink as permalink4_1_0_, this_.site_id as site_id5_1_0_, this_.title as title6_1_0_ from items this_ where this_.iditem=? ) where rownum <= ?
YA LLEGAMOS y aca tb
site_id: MLA
Proceso Bien
Hibernate: insert into items (acepta_mp, iditem, permalink, site_id, title, id) values (?, ?, ?, ?, ?, ?)
Hibernate: insert into NonMPPaymentMethods (description, iditem, idnonmp, type, id) values (?, ?, ?, ?, ?)
Hibernate: insert into NonMPPaymentMethods (description, iditem, idnonmp, type, id) values (?, ?, ?, ?, ?)
YA LLEGAMOS ACAMLB
Hibernate: select * from ( select this_.id as id1_1_0_, this_.acepta_mp as acepta_mp2_1_0_, this_.iditem as iditem3_1_0_, this_.permalink as permalink4_1_0_, this_.site_id as site_id5_1_0_, this_.title as title6_1_0_ from items this_ where this_.iditem=? ) where rownum <= ?
YA LLEGAMOS y aca tb
site_id: MLB
Proceso Bien
Hibernate: insert into items (acepta_mp, iditem, permalink, site_id, title, id) values (?, ?, ?, ?, ?, ?)
Hibernate: insert into NonMPPaymentMethods (description, iditem, idnonmp, type, id) values (?, ?, ?, ?, ?)
Hibernate: insert into NonMPPaymentMethods (description, iditem, idnonmp, type, id) values (?, ?, ?, ?, ?)
Hibernate: insert into NonMPPaymentMethods (description, iditem, idnonmp, type, id) values (?, ?, ?, ?, ?)
Hibernate: insert into NonMPPaymentMethods (description, iditem, idnonmp, type, id) values (?, ?, ?, ?, ?)
YA LLEGAMOS ACAMLM
Hibernate: select * from ( select this_.id as id1_1_0_, this_.acepta_mp as acepta_mp2_1_0_, this_.iditem as iditem3_1_0_, this_.permalink as permalink4_1_0_, this_.site_id as site_id5_1_0_, this_.title as title6_1_0_ from items this_ where this_.iditem=? ) where rownum <= ?
YA LLEGAMOS y aca tb
site_id: MLM
Proceso Bien
Hibernate: insert into items (acepta_mp, iditem, permalink, site_id, title, id) values (?, ?, ?, ?, ?, ?)
Hibernate: insert into NonMPPaymentMethods (description, iditem, idnonmp, type, id) values (?, ?, ?, ?, ?)
Hibernate: insert into NonMPPaymentMethods (description, iditem, idnonmp, type, id) values (?, ?, ?, ?, ?)
YA LLEGAMOS ACAMLM
Hibernate: select * from ( select this_.id as id1_1_0_, this_.acepta_mp as acepta_mp2_1_0_, this_.iditem as iditem3_1_0_, this_.permalink as permalink4_1_0_, this_.site_id as site_id5_1_0_, this_.title as title6_1_0_ from items this_ where this_.iditem=? ) where rownum <= ?
YA LLEGAMOS y aca tb
site_id: MLM
Proceso Bien
Hibernate: insert into items (acepta_mp, iditem, permalink, site_id, title, id) values (?, ?, ?, ?, ?, ?)
Hibernate: insert into NonMPPaymentMethods (description, iditem, idnonmp, type, id) values (?, ?, ?, ?, ?)
YA LLEGAMOS ACAMLM
Hibernate: select * from ( select this_.id as id1_1_0_, this_.acepta_mp as acepta_mp2_1_0_, this_.iditem as iditem3_1_0_, this_.permalink as permalink4_1_0_, this_.site_id as site_id5_1_0_, this_.title as title6_1_0_ from items this_ where this_.iditem=? ) where rownum <= ?
YA LLEGAMOS y aca tb
site_id: MLM
Proceso Bien
Hibernate: insert into items (acepta_mp, iditem, permalink, site_id, title, id) values (?, ?, ?, ?, ?, ?)
Hibernate: insert into NonMPPaymentMethods (description, iditem, idnonmp, type, id) values (?, ?, ?, ?, ?)
Hibernate: insert into NonMPPaymentMethods (description, iditem, idnonmp, type, id) values (?, ?, ?, ?, ?)
Hibernate: insert into NonMPPaymentMethods (description, iditem, idnonmp, type, id) values (?, ?, ?, ?, ?)
YA LLEGAMOS ACAMLA
Hibernate: select * from ( select this_.id as id1_1_0_, this_.acepta_mp as acepta_mp2_1_0_, this_.iditem as iditem3_1_0_, this_.permalink as permalink4_1_0_, this_.site_id as site_id5_1_0_, this_.title as title6_1_0_ from items this_ where this_.iditem=? ) where rownum <= ?
YA LLEGAMOS y aca tb
site_id: MLA
Proceso Bien
Hibernate: insert into items (acepta_mp, iditem, permalink, site_id, title, id) values (?, ?, ?, ?, ?, ?)
YA LLEGAMOS ACAMLB
Hibernate: select * from ( select this_.id as id1_1_0_, this_.acepta_mp as acepta_mp2_1_0_, this_.iditem as iditem3_1_0_, this_.permalink as permalink4_1_0_, this_.site_id as site_id5_1_0_, this_.title as title6_1_0_ from items this_ where this_.iditem=? ) where rownum <= ?
YA LLEGAMOS y aca tb
site_id: MLB
Proceso Bien
Hibernate: insert into items (acepta_mp, iditem, permalink, site_id, title, id) values (?, ?, ?, ?, ?, ?)
Hibernate: insert into NonMPPaymentMethods (description, iditem, idnonmp, type, id) values (?, ?, ?, ?, ?)
Hibernate: insert into NonMPPaymentMethods (description, iditem, idnonmp, type, id) values (?, ?, ?, ?, ?)
Hibernate: insert into NonMPPaymentMethods (description, iditem, idnonmp, type, id) values (?, ?, ?, ?, ?)
Hibernate: insert into NonMPPaymentMethods (description, iditem, idnonmp, type, id) values (?, ?, ?, ?, ?)
YA LLEGAMOS ACAMLM
Hibernate: select * from ( select this_.id as id1_1_0_, this_.acepta_mp as acepta_mp2_1_0_, this_.iditem as iditem3_1_0_, this_.permalink as permalink4_1_0_, this_.site_id as site_id5_1_0_, this_.title as title6_1_0_ from items this_ where this_.iditem=? ) where rownum <= ?
YA LLEGAMOS y aca tb
site_id: MLM
Proceso Bien
Hibernate: insert into items (acepta_mp, iditem, permalink, site_id, title, id) values (?, ?, ?, ?, ?, ?)
YA LLEGAMOS ACAMLB
Hibernate: select * from ( select this_.id as id1_1_0_, this_.acepta_mp as acepta_mp2_1_0_, this_.iditem as iditem3_1_0_, this_.permalink as permalink4_1_0_, this_.site_id as site_id5_1_0_, this_.title as title6_1_0_ from items this_ where this_.iditem=? ) where rownum <= ?
YA LLEGAMOS y aca tb
site_id: MLB
Proceso Bien
Hibernate: insert into items (acepta_mp, iditem, permalink, site_id, title, id) values (?, ?, ?, ?, ?, ?)
YA LLEGAMOS ACAMLA
Hibernate: select * from ( select this_.id as id1_1_0_, this_.acepta_mp as acepta_mp2_1_0_, this_.iditem as iditem3_1_0_, this_.permalink as permalink4_1_0_, this_.site_id as site_id5_1_0_, this_.title as title6_1_0_ from items this_ where this_.iditem=? ) where rownum <= ?
YA LLEGAMOS y aca tb
site_id: MLA
y por aca estamos
]]></system-out>
  <system-err><![CDATA[--Output from test invocar servicio consumer--
]]></system-err>
</testsuite>
